#
# A fatal error has been detected by the Java Runtime Environment:
#
#  EXCEPTION_ACCESS_VIOLATION (0xc0000005) at pc=0x000000006df13b60, pid=12696, tid=10800
#
# JRE version: Java(TM) SE Runtime Environment (8.0_40-b26) (build 1.8.0_40-b26)
# Java VM: Java HotSpot(TM) 64-Bit Server VM (25.40-b25 mixed mode windows-amd64 compressed oops)
# Problematic frame:
# C  [atio6axx.dll+0x333b60]
#
# Failed to write core dump. Minidumps are not enabled by default on client versions of Windows
#
# If you would like to submit a bug report, please visit:
#   http://bugreport.java.com/bugreport/crash.jsp
# The crash happened outside the Java Virtual Machine in native code.
# See problematic frame for where to report the bug.
#

---------------  T H R E A D  ---------------

Current thread (0x0000000002072800):  JavaThread "main" [_thread_in_native, id=10800, stack(0x0000000001f30000,0x0000000002030000)]

siginfo: ExceptionCode=0xc0000005, reading address 0x0000000000000000

Registers:
RAX=0x000000001faad030, RBX=0x0000000000000000, RCX=0x0000000000000000, RDX=0x000000001faad070
RSP=0x000000000202ea70, RBP=0x000000006f831eb8, RSI=0x0000000000000040, RDI=0x000000001faad030
R8 =0x000000001faad069, R9 =0x000000000001d000, R10=0x000000006f810020, R11=0x0000000000000006
R12=0x000000006f80fdd8, R13=0x000000006f80f780, R14=0x0000000000000234, R15=0x0000000000000001
RIP=0x000000006df13b60, EFLAGS=0x0000000000010293

Top of Stack: (sp=0x000000000202ea70)
0x000000000202ea70:   000000001dbd4830 000000000001d000
0x000000000202ea80:   000000006f80f780 0000000000000006
0x000000000202ea90:   0000000000000018 00007ffbd8b807c7
0x000000000202eaa0:   0000000000000002 0000000000000001
0x000000000202eab0:   0000000200000006 0000000000000004
0x000000000202eac0:   000000006f831eb8 0040000000400000
0x000000000202ead0:   0000000000000000 0000000000000000
0x000000000202eae0:   0000000000640000 000000001bc32430
0x000000000202eaf0:   0000000000000000 0000000000000004
0x000000000202eb00:   0000000000000040 0000000000000000
0x000000000202eb10:   0000000000000030 00007ffbd8b807c7
0x000000000202eb20:   0000000000740000 0000000000000000
0x000000000202eb30:   0000000000000030 0000000000000000
0x000000000202eb40:   0000000000000040 00007ffbd8b807c7
0x000000000202eb50:   0000000000740000 00007ffb00000000
0x000000000202eb60:   0000000000000040 0000000000000000 

Instructions: (pc=0x000000006df13b60)
0x000000006df13b40:   df e9 a0 fe ff ff 8b d6 48 8b c7 48 03 d7 4c 8d
0x000000006df13b50:   42 f9 49 3b f8 73 1d 66 0f 1f 84 00 00 00 00 00
0x000000006df13b60:   48 8b 0b 48 83 c0 08 48 83 c3 08 48 89 48 f8 49
0x000000006df13b70:   3b c0 72 ec 4c 8d 42 fd 49 3b c0 73 15 0f 1f 00 


Register to memory mapping:

RAX=0x000000001faad030 is an unknown value
RBX=0x0000000000000000 is an unknown value
RCX=0x0000000000000000 is an unknown value
RDX=0x000000001faad070 is an unknown value
RSP=0x000000000202ea70 is pointing into the stack for thread: 0x0000000002072800
RBP=0x000000006f831eb8 is an unknown value
RSI=0x0000000000000040 is an unknown value
RDI=0x000000001faad030 is an unknown value
R8 =0x000000001faad069 is an unknown value
R9 =0x000000000001d000 is an unknown value
R10=0x000000006f810020 is an unknown value
R11=0x0000000000000006 is an unknown value
R12=0x000000006f80fdd8 is an unknown value
R13=0x000000006f80f780 is an unknown value
R14=0x0000000000000234 is an unknown value
R15=0x0000000000000001 is an unknown value


Stack: [0x0000000001f30000,0x0000000002030000],  sp=0x000000000202ea70,  free space=1018k
Native frames: (J=compiled Java code, j=interpreted, Vv=VM code, C=native code)
C  [atio6axx.dll+0x333b60]
C  [atio6axx.dll+0x3b2710]
C  [atio6axx.dll+0x333ed5]
C  [atio6axx.dll+0x5d7b5d]
C  0x00000000024fc04f

Java frames: (J=compiled Java code, j=interpreted, Vv=VM code)
J 919  org.lwjgl.opengl.GL11C.glDrawArrays(III)V (0 bytes) @ 0x00000000024fbfc9 [0x00000000024fbf80+0x49]
J 918 C1 org.lwjgl.opengl.GL11.glDrawArrays(III)V (7 bytes) @ 0x00000000024fc35c [0x00000000024fc300+0x5c]
j  code.engine3d.E3D.drawWindow(FFFFLcode/utils/font/BMFont;)V+90
j  code.game.DialogScreen.tick()V+46
j  code.Main.run()V+31
j  code.Main.main([Ljava/lang/String;)V+110
v  ~StubRoutines::call_stub

---------------  P R O C E S S  ---------------

Java Threads: ( => current thread )
  0x0000000018125800 JavaThread "Service Thread" daemon [_thread_blocked, id=14828, stack(0x00000000184e0000,0x00000000185e0000)]
  0x00000000168c0000 JavaThread "C1 CompilerThread2" daemon [_thread_blocked, id=11728, stack(0x0000000017fe0000,0x00000000180e0000)]
  0x0000000016897000 JavaThread "C2 CompilerThread1" daemon [_thread_blocked, id=7632, stack(0x0000000017ee0000,0x0000000017fe0000)]
  0x0000000016891000 JavaThread "C2 CompilerThread0" daemon [_thread_blocked, id=5908, stack(0x0000000017de0000,0x0000000017ee0000)]
  0x000000001688f000 JavaThread "Attach Listener" daemon [_thread_blocked, id=9916, stack(0x0000000017ce0000,0x0000000017de0000)]
  0x000000001688e000 JavaThread "Signal Dispatcher" daemon [_thread_blocked, id=12640, stack(0x0000000017be0000,0x0000000017ce0000)]
  0x0000000002169800 JavaThread "Finalizer" daemon [_thread_blocked, id=4752, stack(0x0000000017ae0000,0x0000000017be0000)]
  0x0000000002160800 JavaThread "Reference Handler" daemon [_thread_blocked, id=4384, stack(0x00000000179e0000,0x0000000017ae0000)]
=>0x0000000002072800 JavaThread "main" [_thread_in_native, id=10800, stack(0x0000000001f30000,0x0000000002030000)]

Other Threads:
  0x0000000016858000 VMThread [stack: 0x00000000178e0000,0x00000000179e0000] [id=4632]
  0x0000000018126800 WatcherThread [stack: 0x00000000185e0000,0x00000000186e0000] [id=8764]

VM state:not at safepoint (normal execution)

VM Mutex/Monitor currently owned by a thread: None

Heap:
 PSYoungGen      total 35840K, used 29832K [0x00000000d8300000, 0x00000000dab00000, 0x0000000100000000)
  eden space 30720K, 97% used [0x00000000d8300000,0x00000000da022378,0x00000000da100000)
  from space 5120K, 0% used [0x00000000da600000,0x00000000da600000,0x00000000dab00000)
  to   space 5120K, 0% used [0x00000000da100000,0x00000000da100000,0x00000000da600000)
 ParOldGen       total 81920K, used 0K [0x0000000088800000, 0x000000008d800000, 0x00000000d8300000)
  object space 81920K, 0% used [0x0000000088800000,0x0000000088800000,0x000000008d800000)
 Metaspace       used 11685K, capacity 11861K, committed 12032K, reserved 1060864K
  class space    used 871K, capacity 938K, committed 1024K, reserved 1048576K

Card table byte_map: [0x0000000011530000,0x00000000118f0000] byte_map_base: 0x00000000110ec000

Marking Bits: (ParMarkBitMap*) 0x00000000704e4040
 Begin Bits: [0x0000000011f70000, 0x0000000013d50000)
 End Bits:   [0x0000000013d50000, 0x0000000015b30000)

Polling page: 0x0000000001ea0000

CodeCache: size=245760Kb used=3755Kb max_used=3763Kb free=242004Kb
 bounds [0x0000000002170000, 0x0000000002520000, 0x0000000011170000]
 total_blobs=1942 nmethods=967 adapters=889
 compilation: enabled

Compilation events (10 events):
Event: 4.153 Thread 0x00000000168c0000  964       3       org.joml.Matrix4f::_m33 (7 bytes)
Event: 4.154 Thread 0x00000000168c0000 nmethod 964 0x0000000002517150 code [0x00000000025172a0, 0x00000000025173f0]
Event: 4.154 Thread 0x00000000168c0000  965       3       org.joml.Matrix4f::_m01 (7 bytes)
Event: 4.154 Thread 0x00000000168c0000 nmethod 965 0x0000000002517490 code [0x00000000025175e0, 0x0000000002517730]
Event: 4.154 Thread 0x00000000168c0000  966       3       org.joml.Matrix4f::_m03 (7 bytes)
Event: 4.154 Thread 0x00000000168c0000 nmethod 966 0x00000000025177d0 code [0x0000000002517920, 0x0000000002517a70]
Event: 4.154 Thread 0x00000000168c0000  967       3       org.joml.Matrix4f::_m10 (7 bytes)
Event: 4.155 Thread 0x00000000168c0000 nmethod 967 0x0000000002517b10 code [0x0000000002517c60, 0x0000000002517db0]
Event: 4.218 Thread 0x0000000016897000 nmethod 963% 0x000000000251a690 code [0x000000000251a8c0, 0x000000000251c4b8]
Event: 4.222 Thread 0x0000000016891000 nmethod 962% 0x000000000251d650 code [0x000000000251d820, 0x000000000251ec18]

GC Heap History (0 events):
No events

Deoptimization events (8 events):
Event: 0.430 Thread 0x0000000002072800 Uncommon trap: reason=unstable_if action=reinterpret pc=0x000000000229a0b8 method=java.lang.String.hashCode()I @ 14
Event: 2.991 Thread 0x0000000002072800 Uncommon trap: reason=unstable_if action=reinterpret pc=0x00000000024c2780 method=sun.misc.FloatingDecimal.readJavaFormatString(Ljava/lang/String;)Lsun/misc/FloatingDecimal$ASCIIToBinaryConverter; @ 733
Event: 2.991 Thread 0x0000000002072800 Uncommon trap: reason=unstable_if action=reinterpret pc=0x00000000024cb1dc method=sun.nio.cs.UTF_8$Decoder.decodeArrayLoop(Ljava/nio/ByteBuffer;Ljava/nio/CharBuffer;)Ljava/nio/charset/CoderResult; @ 84
Event: 3.021 Thread 0x0000000002072800 Uncommon trap: reason=unstable_if action=reinterpret pc=0x000000000249da64 method=java.util.regex.Matcher.match(II)Z @ 91
Event: 3.380 Thread 0x0000000002072800 Uncommon trap: reason=class_check action=maybe_recompile pc=0x000000000248278c method=java.lang.Character.codePointAt(Ljava/lang/CharSequence;I)I @ 2
Event: 3.382 Thread 0x0000000002072800 Uncommon trap: reason=class_check action=maybe_recompile pc=0x000000000248278c method=java.lang.Character.codePointAt(Ljava/lang/CharSequence;I)I @ 2
Event: 3.382 Thread 0x0000000002072800 Uncommon trap: reason=class_check action=maybe_recompile pc=0x000000000248278c method=java.lang.Character.codePointAt(Ljava/lang/CharSequence;I)I @ 2
Event: 3.382 Thread 0x0000000002072800 Uncommon trap: reason=class_check action=maybe_recompile pc=0x000000000248278c method=java.lang.Character.codePointAt(Ljava/lang/CharSequence;I)I @ 2

Internal exceptions (10 events):
Event: 1.061 Thread 0x0000000002072800 Exception <a 'sun/nio/fs/WindowsException'> (0x00000000d8a98f50) thrown at [D:\re\workspace\8-2-build-windows-amd64-cygwin\jdk8u40\3098\hotspot\src\share\vm\prims\jni.cpp, line 709]
Event: 1.062 Thread 0x0000000002072800 Exception <a 'sun/nio/fs/WindowsException'> (0x00000000d8a995e8) thrown at [D:\re\workspace\8-2-build-windows-amd64-cygwin\jdk8u40\3098\hotspot\src\share\vm\prims\jni.cpp, line 709]
Event: 1.266 Thread 0x0000000002072800 Exception <a 'sun/nio/fs/WindowsException'> (0x00000000d8c70720) thrown at [D:\re\workspace\8-2-build-windows-amd64-cygwin\jdk8u40\3098\hotspot\src\share\vm\prims\jni.cpp, line 709]
Event: 1.266 Thread 0x0000000002072800 Exception <a 'sun/nio/fs/WindowsException'> (0x00000000d8c70d90) thrown at [D:\re\workspace\8-2-build-windows-amd64-cygwin\jdk8u40\3098\hotspot\src\share\vm\prims\jni.cpp, line 709]
Event: 1.790 Thread 0x0000000002072800 Exception <a 'sun/nio/fs/WindowsException'> (0x00000000d8cd8258) thrown at [D:\re\workspace\8-2-build-windows-amd64-cygwin\jdk8u40\3098\hotspot\src\share\vm\prims\jni.cpp, line 709]
Event: 1.790 Thread 0x0000000002072800 Exception <a 'sun/nio/fs/WindowsException'> (0x00000000d8cd8930) thrown at [D:\re\workspace\8-2-build-windows-amd64-cygwin\jdk8u40\3098\hotspot\src\share\vm\prims\jni.cpp, line 709]
Event: 1.797 Thread 0x0000000002072800 Exception <a 'sun/nio/fs/WindowsException'> (0x00000000d8ce9bb8) thrown at [D:\re\workspace\8-2-build-windows-amd64-cygwin\jdk8u40\3098\hotspot\src\share\vm\prims\jni.cpp, line 709]
Event: 1.797 Thread 0x0000000002072800 Exception <a 'sun/nio/fs/WindowsException'> (0x00000000d8cea140) thrown at [D:\re\workspace\8-2-build-windows-amd64-cygwin\jdk8u40\3098\hotspot\src\share\vm\prims\jni.cpp, line 709]
Event: 2.653 Thread 0x0000000002072800 Exception <a 'sun/nio/fs/WindowsException'> (0x00000000d95b3bd0) thrown at [D:\re\workspace\8-2-build-windows-amd64-cygwin\jdk8u40\3098\hotspot\src\share\vm\prims\jni.cpp, line 709]
Event: 2.653 Thread 0x0000000002072800 Exception <a 'sun/nio/fs/WindowsException'> (0x00000000d95b4268) thrown at [D:\re\workspace\8-2-build-windows-amd64-cygwin\jdk8u40\3098\hotspot\src\share\vm\prims\jni.cpp, line 709]

Events (10 events):
Event: 3.382 Thread 0x0000000002072800 DEOPT UNPACKING pc=0x00000000021b582a sp=0x000000000202f290 mode 2
Event: 3.382 Thread 0x0000000002072800 Uncommon trap: trap_request=0xffffffde fr.pc=0x000000000248278c
Event: 3.382 Thread 0x0000000002072800 DEOPT PACKING pc=0x000000000248278c sp=0x000000000202f2f0
Event: 3.382 Thread 0x0000000002072800 DEOPT UNPACKING pc=0x00000000021b582a sp=0x000000000202f290 mode 2
Event: 3.434 loading class code/math/SphereCast
Event: 3.434 loading class code/math/SphereCast done
Event: 3.437 loading class code/math/RayCast
Event: 3.437 loading class code/math/RayCast done
Event: 4.184 loading class code/ui/TextView
Event: 4.184 loading class code/ui/TextView done


Dynamic libraries:
0x00007ff732770000 - 0x00007ff7327a7000 	C:\Program Files\Java\jdk1.8.0_40\bin\java.exe
0x00007ffbd8b50000 - 0x00007ffbd8cfc000 	C:\Windows\SYSTEM32\ntdll.dll
0x00007ffbd8300000 - 0x00007ffbd843e000 	C:\Windows\system32\KERNEL32.DLL
0x00007ffbd6000000 - 0x00007ffbd6115000 	C:\Windows\system32\KERNELBASE.dll
0x00007ffbd4840000 - 0x00007ffbd48ce000 	C:\Windows\system32\apphelp.dll
0x00007ffbbf3f0000 - 0x00007ffbbf443000 	C:\Windows\AppPatch\AppPatch64\AcGenral.DLL
0x00007ffbd84f0000 - 0x00007ffbd859a000 	C:\Windows\system32\msvcrt.dll
0x00007ffbd5ad0000 - 0x00007ffbd5afe000 	C:\Windows\SYSTEM32\SspiCli.dll
0x00007ffbd68c0000 - 0x00007ffbd6914000 	C:\Windows\system32\SHLWAPI.dll
0x00007ffbd6430000 - 0x00007ffbd65a7000 	C:\Windows\system32\USER32.dll
0x00007ffbd8770000 - 0x00007ffbd8904000 	C:\Windows\system32\ole32.dll
0x00007ffbd6920000 - 0x00007ffbd7e38000 	C:\Windows\system32\SHELL32.dll
0x00007ffbd52a0000 - 0x00007ffbd52c1000 	C:\Windows\SYSTEM32\USERENV.dll
0x00007ffbd8440000 - 0x00007ffbd84ea000 	C:\Windows\system32\ADVAPI32.dll
0x00007ffbbea60000 - 0x00007ffbbea7e000 	C:\Windows\SYSTEM32\MPR.dll
0x00007ffbd7f20000 - 0x00007ffbd8061000 	C:\Windows\system32\RPCRT4.dll
0x00007ffbd81d0000 - 0x00007ffbd8229000 	C:\Windows\SYSTEM32\sechost.dll
0x00007ffbd66a0000 - 0x00007ffbd68b1000 	C:\Windows\SYSTEM32\combase.dll
0x00007ffbd61d0000 - 0x00007ffbd6321000 	C:\Windows\system32\GDI32.dll
0x00007ffbd5ca0000 - 0x00007ffbd5cb5000 	C:\Windows\SYSTEM32\profapi.dll
0x00007ffbd41c0000 - 0x00007ffbd4272000 	C:\Windows\SYSTEM32\SHCORE.dll
0x00007ffbd63f0000 - 0x00007ffbd6426000 	C:\Windows\system32\IMM32.DLL
0x00007ffbd8070000 - 0x00007ffbd81c2000 	C:\Windows\system32\MSCTF.dll
0x00007ffbd3750000 - 0x00007ffbd39ca000 	C:\Windows\WinSxS\amd64_microsoft.windows.common-controls_6595b64144ccf1df_6.0.9600.17810_none_6240b9c7ecbd0bda\COMCTL32.dll
0x0000000070860000 - 0x0000000070932000 	C:\Program Files\Java\jdk1.8.0_40\jre\bin\msvcr100.dll
0x000000006fce0000 - 0x0000000070563000 	C:\Program Files\Java\jdk1.8.0_40\jre\bin\server\jvm.dll
0x00007ffbc4050000 - 0x00007ffbc4059000 	C:\Windows\SYSTEM32\WSOCK32.dll
0x00007ffbd36e0000 - 0x00007ffbd3702000 	C:\Windows\SYSTEM32\WINMM.dll
0x00007ffbd39d0000 - 0x00007ffbd39da000 	C:\Windows\SYSTEM32\VERSION.dll
0x00007ffbd6690000 - 0x00007ffbd6697000 	C:\Windows\system32\PSAPI.DLL
0x00007ffbd8910000 - 0x00007ffbd896a000 	C:\Windows\system32\WS2_32.dll
0x00007ffbd36b0000 - 0x00007ffbd36da000 	C:\Windows\SYSTEM32\WINMMBASE.dll
0x00007ffbd7e50000 - 0x00007ffbd7e59000 	C:\Windows\system32\NSI.dll
0x00007ffbd5fb0000 - 0x00007ffbd5fff000 	C:\Windows\SYSTEM32\cfgmgr32.dll
0x00007ffbd4a90000 - 0x00007ffbd4ab8000 	C:\Windows\SYSTEM32\DEVOBJ.dll
0x0000000070810000 - 0x000000007081f000 	C:\Program Files\Java\jdk1.8.0_40\jre\bin\verify.dll
0x000000006fcb0000 - 0x000000006fcd9000 	C:\Program Files\Java\jdk1.8.0_40\jre\bin\java.dll
0x000000006fc90000 - 0x000000006fca6000 	C:\Program Files\Java\jdk1.8.0_40\jre\bin\zip.dll
0x000000006fc70000 - 0x000000006fc8a000 	C:\Program Files\Java\jdk1.8.0_40\jre\bin\net.dll
0x00007ffbd5510000 - 0x00007ffbd5569000 	C:\Windows\system32\mswsock.dll
0x000000006fc50000 - 0x000000006fc61000 	C:\Program Files\Java\jdk1.8.0_40\jre\bin\nio.dll
0x00007ffba6c30000 - 0x00007ffba6c94000 	C:\Users\USER\AppData\Local\Temp\lwjglUSER\3.2.3-build-13\lwjgl.dll
0x00007ffba6b20000 - 0x00007ffba6c2b000 	C:\Users\USER\AppData\Local\Temp\lwjglUSER\3.2.3-build-13\OpenAL.dll
0x00007ffbd4ae0000 - 0x00007ffbd4aeb000 	C:\Windows\SYSTEM32\kernel.appcore.dll
0x00007ffbd5b70000 - 0x00007ffbd5b7b000 	C:\Windows\SYSTEM32\CRYPTBASE.dll
0x00007ffbd5b00000 - 0x00007ffbd5b63000 	C:\Windows\SYSTEM32\bcryptPrimitives.dll
0x00007ffbd7e60000 - 0x00007ffbd7f16000 	C:\Windows\SYSTEM32\clbcatq.dll
0x00007ffbcfa70000 - 0x00007ffbcfb1b000 	C:\Program Files\Common Files\microsoft shared\ink\tiptsf.dll
0x00007ffbd8230000 - 0x00007ffbd82f1000 	C:\Windows\system32\OLEAUT32.dll
0x00007ffbd3610000 - 0x00007ffbd3680000 	C:\Windows\System32\MMDevApi.dll
0x00007ffbd0c00000 - 0x00007ffbd0c7e000 	C:\Windows\SYSTEM32\AUDIOSES.DLL
0x00007ffbd5c40000 - 0x00007ffbd5c86000 	C:\Windows\SYSTEM32\powrprof.dll
0x00007ffba6ab0000 - 0x00007ffba6b12000 	C:\Users\USER\AppData\Local\Temp\lwjglUSER\3.2.3-build-13\glfw.dll
0x00007ffbd4910000 - 0x00007ffbd4a39000 	C:\Windows\system32\uxtheme.dll
0x00007ffba6a60000 - 0x00007ffba6aa2000 	C:\Windows\SYSTEM32\dinput8.dll
0x00007ffbcd9c0000 - 0x00007ffbcd9cd000 	C:\Windows\SYSTEM32\xinput1_4.dll
0x00007ffbd47f0000 - 0x00007ffbd4811000 	C:\Windows\SYSTEM32\dwmapi.dll
0x00007ffbd4e60000 - 0x00007ffbd4e6d000 	C:\Windows\SYSTEM32\HID.DLL
0x00007ffbd8970000 - 0x00007ffbd8b4a000 	C:\Windows\system32\SETUPAPI.DLL
0x00007ffbd5d70000 - 0x00007ffbd5dc1000 	C:\Windows\system32\WINTRUST.dll
0x00007ffbd5dd0000 - 0x00007ffbd5faf000 	C:\Windows\system32\CRYPT32.dll
0x00007ffbd5d50000 - 0x00007ffbd5d61000 	C:\Windows\system32\MSASN1.dll
0x00007ffbac6c0000 - 0x00007ffbac7eb000 	C:\Windows\SYSTEM32\opengl32.dll
0x00007ffbcd050000 - 0x00007ffbcd07e000 	C:\Windows\SYSTEM32\GLU32.dll
0x00007ffbac5c0000 - 0x00007ffbac6b8000 	C:\Windows\SYSTEM32\DDRAW.dll
0x00007ffbcd040000 - 0x00007ffbcd049000 	C:\Windows\SYSTEM32\DCIMAN32.dll
0x00007ffbbf3d0000 - 0x00007ffbbf3e8000 	C:\Windows\SYSTEM32\atig6pxx.dll
0x000000006dbe0000 - 0x000000006f9dd000 	C:\Windows\SYSTEM32\atio6axx.dll
0x00007ffbac470000 - 0x00007ffbac5b1000 	C:\Windows\SYSTEM32\atiadlxx.dll
0x00007ffbd2b90000 - 0x00007ffbd2d0f000 	C:\Windows\SYSTEM32\PROPSYS.dll
0x00007ffbd4820000 - 0x00007ffbd4832000 	C:\Windows\SYSTEM32\WTSAPI32.dll
0x00007ffbcfa30000 - 0x00007ffbcfa5a000 	C:\Windows\SYSTEM32\IPHLPAPI.DLL
0x00007ffbcfa00000 - 0x00007ffbcfa0a000 	C:\Windows\SYSTEM32\WINNSI.DLL
0x00007ffbbe3a0000 - 0x00007ffbbe3cc000 	C:\Windows\SYSTEM32\atig6txx.dll
0x00007ffbd3080000 - 0x00007ffbd30ea000 	C:\Windows\SYSTEM32\oleacc.dll
0x00007ffba6a00000 - 0x00007ffba6a59000 	C:\Users\USER\AppData\Local\Temp\lwjglUSER\3.2.3-build-13\lwjgl_opengl.dll
0x00007ffba6620000 - 0x00007ffba6697000 	C:\Users\USER\AppData\Local\Temp\lwjglUSER\3.2.3-build-13\lwjgl_stb.dll
0x00007ffbbe210000 - 0x00007ffbbe399000 	C:\Windows\SYSTEM32\dbghelp.dll

VM Arguments:
jvm_args: -Dfile.encoding=UTF-8 -Djava.library.path=C:\Users\USER\Documents\NetBeansProjects\lwjgl\native\<linux|macosx|solaris|windows>
 
java_command: code.Main
java_class_path (initial): C:\Users\USER\Documents\NetBeansProjects\lwjgl\lwjgl\lwjgl-natives-linux-arm32.jar;C:\Users\USER\Documents\NetBeansProjects\lwjgl\lwjgl\lwjgl-natives-linux-arm64.jar;C:\Users\USER\Documents\NetBeansProjects\lwjgl\lwjgl\lwjgl-natives-linux.jar;C:\Users\USER\Documents\NetBeansProjects\lwjgl\lwjgl\lwjgl-natives-macos.jar;C:\Users\USER\Documents\NetBeansProjects\lwjgl\lwjgl\lwjgl-natives-windows-x86.jar;C:\Users\USER\Documents\NetBeansProjects\lwjgl\lwjgl\lwjgl-natives-windows.jar;C:\Users\USER\Documents\NetBeansProjects\lwjgl\lwjgl\lwjgl.jar;C:\Users\USER\Documents\NetBeansProjects\lwjgl\lwjgl-glfw\lwjgl-glfw-natives-linux-arm32.jar;C:\Users\USER\Documents\NetBeansProjects\lwjgl\lwjgl-glfw\lwjgl-glfw-natives-linux-arm64.jar;C:\Users\USER\Documents\NetBeansProjects\lwjgl\lwjgl-glfw\lwjgl-glfw-natives-linux.jar;C:\Users\USER\Documents\NetBeansProjects\lwjgl\lwjgl-glfw\lwjgl-glfw-natives-macos.jar;C:\Users\USER\Documents\NetBeansProjects\lwjgl\lwjgl-glfw\lwjgl-glfw-natives-windows-x86.jar;C:\Users\USER\Documents\NetBeansProjects\lwjgl\lwjgl-glfw\lwjgl-glfw-natives-windows.jar;C:\Users\USER\Documents\NetBeansProjects\lwjgl\lwjgl-glfw\lwjgl-glfw.jar;C:\Users\USER\Documents\NetBeansProjects\lwjgl\lwjgl-opengl\lwjgl-opengl-natives-linux-arm32.jar;C:\Users\USER\Documents\NetBeansProjects\lwjgl\lwjgl-opengl\lwjgl-opengl-natives-linux-arm64.jar;C:\Users\USER\Documents\NetBeansProjects\lwjgl\lwjgl-opengl\lwjgl-opengl-natives-linux.jar;C:\Users\USER\Documents\NetBeansProjects\lwjgl\lwjgl-opengl\lwjgl-opengl-natives-macos.jar;C:\Users\USER\Documents\NetBeansProjects\lwjgl\lwjgl-opengl\lwjgl-opengl-natives-windows-x86.jar;C:\Users\USER\Documents\NetBeansProjects\lwjgl\lwjgl-opengl\lwjgl-opengl-natives-windows.jar;C:\Users\USER\Documents\NetBeansProjects\lwjgl\lwjgl-opengl\lwjgl-opengl.jar;C:\Users\USER\Documents\NetBeansProjects\UtilsText\build\compiled;C:\Users\USER\Documents\NetBeansProjects\UtilsNewKeyboard\build\compiled;C:\Users\USER\Documents\NetBe
Launcher Type: SUN_STANDARD

Environment Variables:
PATH=C:\Program Files (x86)\Common Files\Symbian\Tools;C:\Program Files (x86)\PC Connectivity Solution\;C:\ProgramData\Oracle\Java\javapath;C:\Program Files\NVIDIA GPU Computing Toolkit\CUDA\v10.1\bin;C:\Program Files\NVIDIA GPU Computing Toolkit\CUDA\v10.1\libnvvp;C:\Program Files (x86)\Common Files\Oracle\Java\javapath;C:\Program Files (x86)\CSL Arm Toolchain\bin;C:\Perl\bin\;C:\Program Files (x86)\GtkSharp\2.12\bin;C:\Program Files (x86)\QuickTime\QTSystem\;C:\Windows\system32;C:\Windows;C:\Windows\System32\Wbem;C:\Windows\System32\WindowsPowerShell\v1.0\;C:\Program Files (x86)\VoiceAge\Common;C:\Users\USER\Miniconda3;C:\Users\USER\Miniconda3\Scripts;C:\Users\USER\Miniconda3\Library\bin;C:\Program Files (x86)\Steam\steamapps\common\Source SDK Base 2013 Singleplayer\..\bin;C:\Program Files\mingw-w64\x86_64-7.1.0-posix-seh-rt_v5-rev2\mingw64\bin;C:\Program Files\mingw-w64\x86_64-7.1.0-posix-seh-rt_v5-rev2\mingw64\x86_64-w64-mingw32\bin;C:\adb;C:\Program Files (x86)\Yarn\bin\;C:\Program Files\nodejs\;C:\TDM-GCC-64\bin;C:\Program Files\NVIDIA Corporation\Nsight Compute 2019.1\;C:\Program Files (x86)\NVIDIA Corporation\PhysX\Common;C:\Perl64\bin;C:\Program Files (x86)\AMD\ATI.ACE\Core-Static;C:\Users\USER\Miniconda3;C:\Users\USER\Miniconda3\Scripts;C:\Users\USER\Miniconda3\Library\bin;C:\Windows\system32;C:\Windows\System32\Wbem;C:\Program Files (x86)\Steam\steamapps\common\Source SDK Base 2013 Singleplayer\..\bin;C:\Program Files\mingw-w64\x86_64-7.1.0-posix-seh-rt_v5-rev2\mingw64\bin;C:\Program Files\mingw-w64\x86_64-7.1.0-posix-seh-rt_v5-rev2\mingw64\x86_64-w64-mingw32\bin;C:\Users\USER\AppData\Local\Yarn\bin;C:\Users\USER\AppData\Roaming\npm;C:\Perl64\bin;C:\Program Files\Java\jdk1.8.0_45\bin
USERNAME=USER
OS=Windows_NT
PROCESSOR_IDENTIFIER=AMD64 Family 22 Model 0 Stepping 1, AuthenticAMD



---------------  S Y S T E M  ---------------

OS: Windows 8.1 , 64 bit Build 9600 (6.3.9600.17415)

CPU:total 4 (4 cores per cpu, 1 threads per core) family 22 model 0 stepping 1, cmov, cx8, fxsr, mmx, sse, sse2, sse3, ssse3, sse4.1, sse4.2, popcnt, avx, aes, clmul, mmxext, 3dnowpref, lzcnt, sse4a, tsc, tscinvbit, tscinv, bmi1

Memory: 4k page, physical 7828496k(2953132k free), swap 16217104k(7637704k free)

vm_info: Java HotSpot(TM) 64-Bit Server VM (25.40-b25) for windows-amd64 JRE (1.8.0_40-b26), built on Mar  7 2015 13:51:59 by "java_re" with MS VC++ 10.0 (VS2010)

time: Mon Oct 12 18:12:06 2020
elapsed time: 4 seconds (0d 0h 0m 4s)

